<?xml version="1.0" encoding="UTF-8"?>
<testsuite name="As user I want to complete the form in uTest" tests="1" skipped="0" failures="0" errors="0" timestamp="2022-09-09T01:04:06" hostname="SQAJBARBOSA" time="18.431">
  <properties/>
  <testcase name="Sign Up" classname="As user I want to complete the form in uTest" time="18.431"/>
  <system-out><![CDATA[]]></system-out>
  <system-err><![CDATA[sept. 08, 2022 8:04:07 P. M. org.openqa.selenium.remote.DesiredCapabilities chrome
INFO: Using `new ChromeOptions()` is preferred to `DesiredCapabilities.chrome()`
[Test worker] INFO net.serenitybdd.core.webdriver.driverproviders.ProvideNewDriver - Instantiating driver
[Test worker] INFO net.serenitybdd.core.webdriver.driverproviders.ProvideNewDriver - Driver capabilities: Capabilities {acceptInsecureCerts: false, browserName: chrome, chrome.switches: --start-maximized --disable..., goog:chromeOptions: {args: [--start-maximized, --disable-popup-blocking, --no-sandbox, --ignore-certificate-errors], extensions: []}, loggingPrefs: org.openqa.selenium.logging..., platform: ANY, supportsAlerts: false, version: }
Starting ChromeDriver 105.0.5195.52 (412c95e518836d8a7d97250d62b29c2ae6a26a85-refs/branch-heads/5195@{#853}) on port 30359
Only local connections are allowed.
Please see https://chromedriver.chromium.org/security-considerations for suggestions on keeping ChromeDriver safe.
ChromeDriver was started successfully.
sept. 08, 2022 8:04:09 P. M. org.openqa.selenium.remote.ProtocolHandshake createSession
INFO: Detected dialect: W3C
[Test worker] INFO net.thucydides.core.steps.ConsoleLoggingListener - 
        __    _____ _____ ____ _____   ____   _    ____  ____  _____ ____  
  _     \ \  |_   _| ____/ ___|_   _| |  _ \ / \  / ___|/ ___|| ____|  _ \ 
 (_)_____| |   | | |  _| \___ \ | |   | |_) / _ \ \___ \\___ \|  _| | | | |
  _|_____| |   | | | |___ ___) || |   |  __/ ___ \ ___) |___) | |___| |_| |
 (_)     | |   |_| |_____|____/ |_|   |_| /_/   \_\____/|____/|_____|____/ 
        /_/                                                                

TEST PASSED: Sign Up
----------------------------------------------------------------------------
]]></system-err>
</testsuite>
